2024-07-09T08:59:26.487Z
cwd: ~/Documents/updates/new/cmg-employers
package: govuk-prototype-kit@13.16.2
argv: ~/.nvm/versions/node/v20.11.1/bin/node ~/.npm/_npx/751a68202a4807b7/node_modules/.bin/govuk-prototype-kit migrate
Started [Check migration is being applied to a pre v13 prototype]
Succeeded [Check migration is being applied to a pre v13 prototype]
2024-07-09T08:59:34.954Z
cwd: ~/Documents/updates/new/cmg-employers
package: govuk-prototype-kit@13.16.2
argv: ~/.nvm/versions/node/v20.11.1/bin/node ~/Documents/updates/new/cmg-employers/node_modules/.bin/govuk-prototype-kit migrate -- ~/Documents/updates/new/cmg-employers
Started [Migrate config.js to config.json]
Started [Update application SCSS file]
Started [Deleted files that are no longer needed]
Started [Deleted directories that are no longer needed]
Started [Delete listen-on-port.js]
Started [Delete server.js]
Started [Delete start.js]
Started [Delete VERSION.txt]
Started [Delete Procfile]
Started [Delete app/assets/sass/application-ie8.scss]
Started [Delete app/assets/sass/unbranded-ie8.scss]
Started [Remove unused directory docs]
Started [Remove unused directory lib]
Started [Remove unused directory update]
Started [Remove unused directory public]
Succeeded [Migrate config.js to config.json]
Succeeded [Delete listen-on-port.js]
Succeeded [Delete server.js]
Succeeded [Delete start.js]
Succeeded [Delete VERSION.txt]
Succeeded [Delete Procfile]
Succeeded [Delete app/assets/sass/application-ie8.scss]
Succeeded [Delete app/assets/sass/unbranded-ie8.scss]
Succeeded [Deleted files that are no longer needed]
Found [// Add your routes here - above the module.exports line] in [app/routes.js], replacing
Started [Overwrite app/filters.js]
Started [Overwrite app/assets/javascripts/application.js]
Keeping these lines from old file
Started [Delete app/assets/images/separator-2x.png]
Copying from [node_modules/govuk-prototype-kit/prototype-starter/app/filters.js] to [app/filters.js]
Started [Delete app/assets/images/separator.png]
Started [Delete app/assets/javascripts/auto-store-data.js]
Started [Delete app/assets/sass/unbranded.scss]
Started [Delete app/views/includes/breadcrumb_examples.html]
Started [Delete app/views/layout_unbranded.html]
Started [Delete app/assets/sass/patterns/_mainstream-guide.scss]
Started [Delete app/views/includes/head.html]
Started [Delete app/assets/sass/patterns/_contents-list.scss]
Started [Delete app/assets/images/unbranded.ico]
Started [Delete app/assets/javascripts/jquery-1.11.3.js]
Started [Overwrite app/views/layout.html]
Started [Delete app/views/includes/scripts.html]
Started [Delete app/assets/sass/patterns/_pagination.scss]
Started [Delete app/assets/sass/patterns/_related-items.scss]
Started [Delete app/assets/sass/patterns/_task-list.scss]
Started [Delete app/assets/sass/patterns/_step-by-step-header.scss]
Started [Update app/assets/javascripts/application.js]
Started [Delete app/assets/sass/patterns/_step-by-step-related.scss]
Failed [Overwrite app/views/layout.html]
Failed [Delete app/views/includes/scripts.html]
Started [Delete app/assets/sass/patterns/_step-by-step-nav.scss]
Found [// Add extra styles here, or re-organise the Sass files in whichever way makes most sense to you] in [app/assets/sass/application.scss], replacing
Succeeded [Delete app/assets/images/separator-2x.png]
Succeeded [Delete app/assets/javascripts/auto-store-data.js]
Succeeded [Delete app/assets/images/separator.png]
Succeeded [Delete app/assets/sass/patterns/_mainstream-guide.scss]
Succeeded [Delete app/views/layout_unbranded.html]
Succeeded [Delete app/views/includes/breadcrumb_examples.html]
Succeeded [Delete app/assets/sass/patterns/_contents-list.scss]
Succeeded [Delete app/views/includes/head.html]
Succeeded [Delete app/assets/sass/unbranded.scss]
Succeeded [Delete app/assets/images/unbranded.ico]
Succeeded [Delete app/assets/javascripts/jquery-1.11.3.js]
Succeeded [Delete app/assets/sass/patterns/_pagination.scss]
Keeping these lines from old file
Succeeded [Delete app/assets/sass/patterns/_related-items.scss]
Succeeded [Delete app/assets/sass/patterns/_task-list.scss]
Succeeded [Delete app/assets/sass/patterns/_step-by-step-header.scss]
Succeeded [Delete app/assets/sass/patterns/_step-by-step-related.scss]
Succeeded [Delete app/assets/sass/patterns/_step-by-step-nav.scss]
Succeeded [Update application SCSS file]
Succeeded [Update app/assets/javascripts/application.js]
//,// For guidance on how to create routes see:,// https://prototype-kit.service.gov.uk/docs/create-routes,//,,const govukPrototypeKit = require('govuk-prototype-kit'),const router = govukPrototypeKit.requests.setupRouter(),,// Add your routes here,,,// v2 COMPANY DETAILS ROUTES START,router.get('v2company-details/contact-details', function (req, res) {,    res.redirect('company-details'),  }),  router.get('v2company-details/change-phone-number', function (req, res) {,    res.redirect('sarah-details'),  }),,  router.get('v2company-details/change-email', function (req, res) {,    res.redirect('sarah-details'),  }),,  router.get('v2company-details/change-name', function (req, res) {,    res.redirect('sarah-details'),  }),,  router.get('v2company-details/add-another-contact', function (req, res) {,    res.redirect('added-contact'),  }),,  router.get('v2company-details/change-phone-number2', function (req, res) {,    res.redirect('contact-details2'),  }),,  router.get('v2company-details/change-email2', function (req, res) {,    res.redirect('contact-details2'),  }),,  router.get('v2company-details/change-name2', function (req, res) {,    res.redirect('contact-details2'),  }),,  router.get('v2company-details/added-contact', function (req, res) {,    res.redirect('main-contact'),  }),,  router.get('v2company-details/main-contact', function (req, res) {,    res.redirect('company-details2'),  }),,  router.get('v2company-details/postal-address', function (req, res) {,    res.redirect('address-lookup'),  }),,  router.get('v2company-details/manual-address', function (req, res) {,    res.redirect('company-details'),  }),,  router.get('v2company-details/change-query-type2', function (req, res) {,    res.redirect('contact-details2'),  }),,  router.get('v2company-details/contact-preferences', function (req, res) {,    res.redirect('company-details2'),  }),,  router.get('v2company-details/delete-contact', function (req, res) {,    res.redirect('company-details'),  }),// V2 COMPANY DETAILS ROUTES END,,// router.get('/messages', function(req, res) {,//   res.render('messages/contact-history');,// });,,module.exports = router,
Succeeded [Overwrite app/assets/javascripts/application.js]
Found [module.exports = router;,module.exports = router] in [app/routes.js], removing
Succeeded [Remove unused directory lib]
Succeeded [Remove unused directory public]
Succeeded [Remove unused directory docs]
Succeeded [Update routes file]
Succeeded [Remove unused directory update]
Succeeded [Deleted directories that are no longer needed]
Succeeded [Overwrite app/filters.js]
ENOENT: no such file or directory, stat '/Users/ben.raine/Documents/updates/new/cmg-employers/app/views/layout_unbranded.html'
Error: ENOENT: no such file or directory, stat '/Users/ben.raine/Documents/updates/new/cmg-employers/app/views/layout_unbranded.html'
